<?xml version="1.0" encoding="UTF-8"?>
<testsuite name="com.accenture.amc.ApplicationTests" tests="1" skipped="0" failures="0" errors="0" timestamp="2017-05-15T08:51:49" hostname="CDC2-D-513RJDV" time="0.223">
  <properties/>
  <testcase name="contextLoads" classname="com.accenture.amc.ApplicationTests" time="0.223"/>
  <system-out><![CDATA[14:21:32.649 [Test worker] DEBUG org.springframework.test.context.junit4.SpringJUnit4ClassRunner - SpringJUnit4ClassRunner constructor called with [class com.accenture.amc.ApplicationTests]
14:21:32.671 [Test worker] DEBUG org.springframework.test.context.BootstrapUtils - Instantiating CacheAwareContextLoaderDelegate from class [org.springframework.test.context.cache.DefaultCacheAwareContextLoaderDelegate]
14:21:32.695 [Test worker] DEBUG org.springframework.test.context.BootstrapUtils - Instantiating BootstrapContext using constructor [public org.springframework.test.context.support.DefaultBootstrapContext(java.lang.Class,org.springframework.test.context.CacheAwareContextLoaderDelegate)]
14:21:32.729 [Test worker] DEBUG org.springframework.test.context.BootstrapUtils - Instantiating TestContextBootstrapper for test class [com.accenture.amc.ApplicationTests] from class [org.springframework.boot.test.context.SpringBootTestContextBootstrapper]
14:21:32.760 [Test worker] INFO org.springframework.boot.test.context.SpringBootTestContextBootstrapper - Neither @ContextConfiguration nor @ContextHierarchy found for test class [com.accenture.amc.ApplicationTests], using SpringBootContextLoader
14:21:32.768 [Test worker] DEBUG org.springframework.test.context.support.AbstractContextLoader - Did not detect default resource location for test class [com.accenture.amc.ApplicationTests]: class path resource [com/accenture/amc/ApplicationTests-context.xml] does not exist
14:21:32.769 [Test worker] DEBUG org.springframework.test.context.support.AbstractContextLoader - Did not detect default resource location for test class [com.accenture.amc.ApplicationTests]: class path resource [com/accenture/amc/ApplicationTestsContext.groovy] does not exist
14:21:32.771 [Test worker] INFO org.springframework.test.context.support.AbstractContextLoader - Could not detect default resource locations for test class [com.accenture.amc.ApplicationTests]: no resource found for suffixes {-context.xml, Context.groovy}.
14:21:32.775 [Test worker] INFO org.springframework.test.context.support.AnnotationConfigContextLoaderUtils - Could not detect default configuration classes for test class [com.accenture.amc.ApplicationTests]: ApplicationTests does not declare any static, non-private, non-final, nested classes annotated with @Configuration.
14:21:32.885 [Test worker] DEBUG org.springframework.test.context.support.ActiveProfilesUtils - Could not find an 'annotation declaring class' for annotation type [org.springframework.test.context.ActiveProfiles] and class [com.accenture.amc.ApplicationTests]
14:21:32.907 [Test worker] DEBUG org.springframework.core.env.StandardEnvironment - Adding [systemProperties] PropertySource with lowest search precedence
14:21:32.907 [Test worker] DEBUG org.springframework.core.env.StandardEnvironment - Adding [systemEnvironment] PropertySource with lowest search precedence
14:21:32.908 [Test worker] DEBUG org.springframework.core.env.StandardEnvironment - Initialized StandardEnvironment with PropertySources [systemProperties,systemEnvironment]
14:21:32.933 [Test worker] DEBUG org.springframework.core.io.support.PathMatchingResourcePatternResolver - Resolved classpath location [com/accenture/amc/] to resources [URL [file:/C:/Users/vikas.sivaravindran/Documents/workspace-sts-3.8.3.RELEASE/amc-springbootdemo/build/classes/test/com/accenture/amc/], URL [file:/C:/Users/vikas.sivaravindran/Documents/workspace-sts-3.8.3.RELEASE/amc-springbootdemo/build/classes/main/com/accenture/amc/]]
14:21:32.934 [Test worker] DEBUG org.springframework.core.io.support.PathMatchingResourcePatternResolver - Looking for matching resources in directory tree [C:\Users\vikas.sivaravindran\Documents\workspace-sts-3.8.3.RELEASE\amc-springbootdemo\build\classes\test\com\accenture\amc]
14:21:32.935 [Test worker] DEBUG org.springframework.core.io.support.PathMatchingResourcePatternResolver - Searching directory [C:\Users\vikas.sivaravindran\Documents\workspace-sts-3.8.3.RELEASE\amc-springbootdemo\build\classes\test\com\accenture\amc] for files matching pattern [C:/Users/vikas.sivaravindran/Documents/workspace-sts-3.8.3.RELEASE/amc-springbootdemo/build/classes/test/com/accenture/amc/*.class]
14:21:32.945 [Test worker] DEBUG org.springframework.core.io.support.PathMatchingResourcePatternResolver - Looking for matching resources in directory tree [C:\Users\vikas.sivaravindran\Documents\workspace-sts-3.8.3.RELEASE\amc-springbootdemo\build\classes\main\com\accenture\amc]
14:21:32.946 [Test worker] DEBUG org.springframework.core.io.support.PathMatchingResourcePatternResolver - Searching directory [C:\Users\vikas.sivaravindran\Documents\workspace-sts-3.8.3.RELEASE\amc-springbootdemo\build\classes\main\com\accenture\amc] for files matching pattern [C:/Users/vikas.sivaravindran/Documents/workspace-sts-3.8.3.RELEASE/amc-springbootdemo/build/classes/main/com/accenture/amc/*.class]
14:21:32.952 [Test worker] DEBUG org.springframework.core.io.support.PathMatchingResourcePatternResolver - Resolved location pattern [classpath*:com/accenture/amc/*.class] to resources [file [C:\Users\vikas.sivaravindran\Documents\workspace-sts-3.8.3.RELEASE\amc-springbootdemo\build\classes\test\com\accenture\amc\ApplicationTests.class], file [C:\Users\vikas.sivaravindran\Documents\workspace-sts-3.8.3.RELEASE\amc-springbootdemo\build\classes\main\com\accenture\amc\Application$SwaggerConfig.class], file [C:\Users\vikas.sivaravindran\Documents\workspace-sts-3.8.3.RELEASE\amc-springbootdemo\build\classes\main\com\accenture\amc\Application.class], file [C:\Users\vikas.sivaravindran\Documents\workspace-sts-3.8.3.RELEASE\amc-springbootdemo\build\classes\main\com\accenture\amc\Customer.class], file [C:\Users\vikas.sivaravindran\Documents\workspace-sts-3.8.3.RELEASE\amc-springbootdemo\build\classes\main\com\accenture\amc\CustomerController.class], file [C:\Users\vikas.sivaravindran\Documents\workspace-sts-3.8.3.RELEASE\amc-springbootdemo\build\classes\main\com\accenture\amc\CustomerService.class]]
14:21:33.084 [Test worker] DEBUG org.springframework.context.annotation.ClassPathScanningCandidateComponentProvider - Identified candidate component class: file [C:\Users\vikas.sivaravindran\Documents\workspace-sts-3.8.3.RELEASE\amc-springbootdemo\build\classes\main\com\accenture\amc\Application.class]
14:21:33.114 [Test worker] INFO org.springframework.boot.test.context.SpringBootTestContextBootstrapper - Found @SpringBootConfiguration com.accenture.amc.Application for test class com.accenture.amc.ApplicationTests
14:21:33.124 [Test worker] DEBUG org.springframework.boot.test.context.SpringBootTestContextBootstrapper - @TestExecutionListeners is not present for class [com.accenture.amc.ApplicationTests]: using defaults.
14:21:33.137 [Test worker] INFO org.springframework.boot.test.context.SpringBootTestContextBootstrapper - Loaded default TestExecutionListener class names from location [META-INF/spring.factories]: [org.springframework.boot.test.mock.mockito.MockitoTestExecutionListener, org.springframework.boot.test.mock.mockito.ResetMocksTestExecutionListener, org.springframework.boot.test.autoconfigure.restdocs.RestDocsTestExecutionListener, org.springframework.boot.test.autoconfigure.web.client.MockRestServiceServerResetTestExecutionListener, org.springframework.boot.test.autoconfigure.web.servlet.MockMvcPrintOnlyOnFailureTestExecutionListener, org.springframework.boot.test.autoconfigure.web.servlet.WebDriverTestExecutionListener, org.springframework.test.context.web.ServletTestExecutionListener, org.springframework.test.context.support.DirtiesContextBeforeModesTestExecutionListener, org.springframework.test.context.support.DependencyInjectionTestExecutionListener, org.springframework.test.context.support.DirtiesContextTestExecutionListener, org.springframework.test.context.transaction.TransactionalTestExecutionListener, org.springframework.test.context.jdbc.SqlScriptsTestExecutionListener]
14:21:33.179 [Test worker] INFO org.springframework.boot.test.context.SpringBootTestContextBootstrapper - Could not instantiate TestExecutionListener [org.springframework.test.context.transaction.TransactionalTestExecutionListener]. Specify custom listener classes or make the default listener classes (and their required dependencies) available. Offending class: [org/springframework/transaction/interceptor/TransactionAttributeSource]
14:21:33.181 [Test worker] INFO org.springframework.boot.test.context.SpringBootTestContextBootstrapper - Could not instantiate TestExecutionListener [org.springframework.test.context.jdbc.SqlScriptsTestExecutionListener]. Specify custom listener classes or make the default listener classes (and their required dependencies) available. Offending class: [org/springframework/transaction/interceptor/TransactionAttribute]
14:21:33.190 [Test worker] INFO org.springframework.boot.test.context.SpringBootTestContextBootstrapper - Using TestExecutionListeners: [org.springframework.test.context.web.ServletTestExecutionListener@cd59991, org.springframework.test.context.support.DirtiesContextBeforeModesTestExecutionListener@7ee20110, org.springframework.boot.test.autoconfigure.SpringBootDependencyInjectionTestExecutionListener@4a708a47, org.springframework.test.context.support.DirtiesContextTestExecutionListener@2431ef5b, org.springframework.boot.test.mock.mockito.MockitoTestExecutionListener@408e35d, org.springframework.boot.test.autoconfigure.web.servlet.WebDriverTestExecutionListener@6a8c884d, org.springframework.boot.test.autoconfigure.web.servlet.MockMvcPrintOnlyOnFailureTestExecutionListener@24e015e9, org.springframework.boot.test.mock.mockito.ResetMocksTestExecutionListener@f006d19, org.springframework.boot.test.autoconfigure.restdocs.RestDocsTestExecutionListener@4c5165af, org.springframework.boot.test.autoconfigure.web.client.MockRestServiceServerResetTestExecutionListener@42915288]
14:21:33.197 [Test worker] DEBUG org.springframework.test.annotation.ProfileValueUtils - Retrieved @ProfileValueSourceConfiguration [null] for test class [com.accenture.amc.ApplicationTests]
14:21:33.198 [Test worker] DEBUG org.springframework.test.annotation.ProfileValueUtils - Retrieved ProfileValueSource type [class org.springframework.test.annotation.SystemProfileValueSource] for class [com.accenture.amc.ApplicationTests]
14:21:33.200 [Test worker] DEBUG org.springframework.test.annotation.ProfileValueUtils - Retrieved @ProfileValueSourceConfiguration [null] for test class [com.accenture.amc.ApplicationTests]
14:21:33.201 [Test worker] DEBUG org.springframework.test.annotation.ProfileValueUtils - Retrieved ProfileValueSource type [class org.springframework.test.annotation.SystemProfileValueSource] for class [com.accenture.amc.ApplicationTests]
14:21:33.211 [Test worker] DEBUG org.springframework.test.context.support.AbstractDirtiesContextTestExecutionListener - Before test class: context [DefaultTestContext@1a50174b testClass = ApplicationTests, testInstance = [null], testMethod = [null], testException = [null], mergedContextConfiguration = [WebMergedContextConfiguration@40f8c88a testClass = ApplicationTests, locations = '{}', classes = '{class com.accenture.amc.Application}', contextInitializerClasses = '[]', activeProfiles = '{}', propertySourceLocations = '{}', propertySourceProperties = '{org.springframework.boot.test.context.SpringBootTestContextBootstrapper=true}', contextCustomizers = set[org.springframework.boot.test.context.SpringBootTestContextCustomizer@a76277c, org.springframework.boot.test.context.filter.ExcludeFilterContextCustomizer@7639433c, org.springframework.boot.test.mock.mockito.MockitoContextCustomizer@0, org.springframework.boot.test.autoconfigure.properties.PropertyMappingContextCustomizer@0, org.springframework.boot.test.autoconfigure.web.servlet.WebDriverContextCustomizerFactory$Customizer@5eec966a], resourceBasePath = 'src/main/webapp', contextLoader = 'org.springframework.boot.test.context.SpringBootContextLoader', parent = [null]]], class annotated with @DirtiesContext [false] with mode [null].
14:21:33.213 [Test worker] DEBUG org.springframework.test.annotation.ProfileValueUtils - Retrieved @ProfileValueSourceConfiguration [null] for test class [com.accenture.amc.ApplicationTests]
14:21:33.214 [Test worker] DEBUG org.springframework.test.annotation.ProfileValueUtils - Retrieved ProfileValueSource type [class org.springframework.test.annotation.SystemProfileValueSource] for class [com.accenture.amc.ApplicationTests]
14:21:33.377 [Test worker] DEBUG org.springframework.core.env.StandardEnvironment - Adding [systemProperties] PropertySource with lowest search precedence
14:21:33.380 [Test worker] DEBUG org.springframework.core.env.StandardEnvironment - Adding [systemEnvironment] PropertySource with lowest search precedence
14:21:33.381 [Test worker] DEBUG org.springframework.core.env.StandardEnvironment - Initialized StandardEnvironment with PropertySources [systemProperties,systemEnvironment]
14:21:33.384 [Test worker] DEBUG org.springframework.core.env.MutablePropertySources - Adding [inline] PropertySource with highest search precedence
14:21:33.450 [Test worker] DEBUG org.springframework.test.context.support.TestPropertySourceUtils - Adding inlined properties to environment: {spring.jmx.enabled=false, org.springframework.boot.test.context.SpringBootTestContextBootstrapper=true, server.port=-1}
14:21:33.451 [Test worker] DEBUG org.springframework.core.env.StandardEnvironment - Adding [Inlined Test Properties] PropertySource with highest search precedence

  .   ____          _            __ _ _
 /\\ / ___'_ __ _ _(_)_ __  __ _ \ \ \ \
( ( )\___ | '_ | '_| | '_ \/ _` | \ \ \ \
 \\/  ___)| |_)| | | | | || (_| |  ) ) ) )
  '  |____| .__|_| |_|_| |_\__, | / / / /
 =========|_|==============|___/=/_/_/_/
 :: Spring Boot ::        (v1.5.3.RELEASE)

2017-05-15 14:21:34.621  INFO 11548 --- [    Test worker] com.accenture.amc.ApplicationTests       : Starting ApplicationTests on CDC2-D-513RJDV with PID 11548 (started by vikas.sivaravindran in C:\Users\vikas.sivaravindran\Documents\workspace-sts-3.8.3.RELEASE\amc-springbootdemo)
2017-05-15 14:21:34.623  INFO 11548 --- [    Test worker] com.accenture.amc.ApplicationTests       : No active profile set, falling back to default profiles: default
2017-05-15 14:21:34.807  INFO 11548 --- [    Test worker] o.s.w.c.s.GenericWebApplicationContext   : Refreshing org.springframework.web.context.support.GenericWebApplicationContext@207d79e6: startup date [Mon May 15 14:21:34 IST 2017]; root of context hierarchy
2017-05-15 14:21:44.631  INFO 11548 --- [    Test worker] s.w.s.m.m.a.RequestMappingHandlerMapping : Mapped "{[/v2/api-docs],methods=[GET],produces=[application/json || application/hal+json]}" onto public org.springframework.http.ResponseEntity<springfox.documentation.spring.web.json.Json> springfox.documentation.swagger2.web.Swagger2Controller.getDocumentation(java.lang.String,javax.servlet.http.HttpServletRequest)
2017-05-15 14:21:44.641  INFO 11548 --- [    Test worker] s.w.s.m.m.a.RequestMappingHandlerMapping : Mapped "{[/swagger-resources]}" onto org.springframework.http.ResponseEntity<java.util.List<springfox.documentation.swagger.web.SwaggerResource>> springfox.documentation.swagger.web.ApiResourceController.swaggerResources()
2017-05-15 14:21:44.642  INFO 11548 --- [    Test worker] s.w.s.m.m.a.RequestMappingHandlerMapping : Mapped "{[/swagger-resources/configuration/ui]}" onto org.springframework.http.ResponseEntity<springfox.documentation.swagger.web.UiConfiguration> springfox.documentation.swagger.web.ApiResourceController.uiConfiguration()
2017-05-15 14:21:44.643  INFO 11548 --- [    Test worker] s.w.s.m.m.a.RequestMappingHandlerMapping : Mapped "{[/swagger-resources/configuration/security]}" onto org.springframework.http.ResponseEntity<springfox.documentation.swagger.web.SecurityConfiguration> springfox.documentation.swagger.web.ApiResourceController.securityConfiguration()
2017-05-15 14:21:44.669  INFO 11548 --- [    Test worker] s.w.s.m.m.a.RequestMappingHandlerMapping : Mapped "{[/],methods=[GET]}" onto public java.lang.String com.accenture.amc.CustomerController.home()
2017-05-15 14:21:44.670  INFO 11548 --- [    Test worker] s.w.s.m.m.a.RequestMappingHandlerMapping : Mapped "{[/customer/get/{customerId}],methods=[GET]}" onto public com.accenture.amc.Customer com.accenture.amc.CustomerController.getByCustomerId(java.lang.Long) throws java.lang.Exception
2017-05-15 14:21:44.671  INFO 11548 --- [    Test worker] s.w.s.m.m.a.RequestMappingHandlerMapping : Mapped "{[/customer/save],methods=[POST]}" onto public com.accenture.amc.Customer com.accenture.amc.CustomerController.insertCustomer(com.accenture.amc.Customer) throws java.lang.Exception
2017-05-15 14:21:44.672  INFO 11548 --- [    Test worker] s.w.s.m.m.a.RequestMappingHandlerMapping : Mapped "{[/customer/delete/{customerId}],methods=[DELETE]}" onto public java.lang.String com.accenture.amc.CustomerController.deleteCustomer(java.lang.Long) throws java.lang.Exception
2017-05-15 14:21:44.673  INFO 11548 --- [    Test worker] s.w.s.m.m.a.RequestMappingHandlerMapping : Mapped "{[/customer/update],methods=[PUT]}" onto public com.accenture.amc.Customer com.accenture.amc.CustomerController.updateCustomer(com.accenture.amc.Customer) throws java.lang.Exception
2017-05-15 14:21:44.682  INFO 11548 --- [    Test worker] s.w.s.m.m.a.RequestMappingHandlerMapping : Mapped "{[/error]}" onto public org.springframework.http.ResponseEntity<java.util.Map<java.lang.String, java.lang.Object>> org.springframework.boot.autoconfigure.web.BasicErrorController.error(javax.servlet.http.HttpServletRequest)
2017-05-15 14:21:44.683  INFO 11548 --- [    Test worker] s.w.s.m.m.a.RequestMappingHandlerMapping : Mapped "{[/error],produces=[text/html]}" onto public org.springframework.web.servlet.ModelAndView org.springframework.boot.autoconfigure.web.BasicErrorController.errorHtml(javax.servlet.http.HttpServletRequest,javax.servlet.http.HttpServletResponse)
2017-05-15 14:21:46.558  INFO 11548 --- [    Test worker] s.w.s.m.m.a.RequestMappingHandlerAdapter : Looking for @ControllerAdvice: org.springframework.web.context.support.GenericWebApplicationContext@207d79e6: startup date [Mon May 15 14:21:34 IST 2017]; root of context hierarchy
2017-05-15 14:21:47.035  INFO 11548 --- [    Test worker] o.s.w.s.handler.SimpleUrlHandlerMapping  : Mapped URL path [/webjars/**] onto handler of type [class org.springframework.web.servlet.resource.ResourceHttpRequestHandler]
2017-05-15 14:21:47.036  INFO 11548 --- [    Test worker] o.s.w.s.handler.SimpleUrlHandlerMapping  : Mapped URL path [/**] onto handler of type [class org.springframework.web.servlet.resource.ResourceHttpRequestHandler]
2017-05-15 14:21:47.281  INFO 11548 --- [    Test worker] o.s.w.s.handler.SimpleUrlHandlerMapping  : Mapped URL path [/**/favicon.ico] onto handler of type [class org.springframework.web.servlet.resource.ResourceHttpRequestHandler]
2017-05-15 14:21:48.072  INFO 11548 --- [    Test worker] o.s.c.support.DefaultLifecycleProcessor  : Starting beans in phase 2147483647
2017-05-15 14:21:48.115  INFO 11548 --- [    Test worker] d.s.w.p.DocumentationPluginsBootstrapper : Context refreshed
2017-05-15 14:21:48.225  INFO 11548 --- [    Test worker] d.s.w.p.DocumentationPluginsBootstrapper : Found 1 custom documentation plugin(s)
2017-05-15 14:21:48.301  INFO 11548 --- [    Test worker] s.d.s.w.s.ApiListingReferenceScanner     : Scanning for api listing references
2017-05-15 14:21:49.485  INFO 11548 --- [    Test worker] com.accenture.amc.ApplicationTests       : Started ApplicationTests in 16.007 seconds (JVM running for 20.02)
]]></system-out>
  <system-err><![CDATA[]]></system-err>
</testsuite>
